<?xml version="1.0" encoding="UTF-8"?>
<!-- Generated by org.testng.reporters.JUnitXMLReporter -->
<testsuite ignored="0" hostname="DESKTOP-8UOV5P4" failures="0" tests="4" name="Loginpage" time="6.232" errors="0" timestamp="17 Oct 2024 12:55:14 GMT">
  <testcase classname="Loginpage.Correct_P" name="incorrect_Usernameandcorrect_Password" time="6.115"/>
  <testcase classname="Loginpage.Correct_U" name="correct_UsernameandIncorrect_Password" time="6.146"/>
  <testcase classname="Loginpage.Correct_UP" name="correct_UsernameandPassword" time="6.146"/>
  <testcase classname="Loginpage.Incorrect_UP" name="incorrect_UsernameandPassword" time="6.208"/>
</testsuite> <!-- Loginpage -->
