<?xml version="1.0" encoding="UTF-8"?>
<!-- Generated by org.testng.reporters.JUnitXMLReporter -->
<testsuite ignored="0" hostname="DESKTOP-8UOV5P4" failures="0" tests="4" name="Default test" time="13.96" errors="0" timestamp="21 Oct 2024 05:04:11 GMT">
  <testcase classname="Loginpage.Apache_POI" name="login" time="3.996"/>
  <testcase classname="Loginpage.Apache_POI" name="login" time="3.145"/>
  <testcase classname="Loginpage.Apache_POI" name="login" time="3.242"/>
  <testcase classname="Loginpage.Apache_POI" name="login" time="3.226"/>
</testsuite> <!-- Default test -->
