<?xml version="1.0" encoding="UTF-8"?>
<testng-results ignored="0" total="4" passed="4" failed="0" skipped="0">
  <reporter-output>
  </reporter-output>
  <suite started-at="2024-10-21T05:03:57Z" name="Default suite" finished-at="2024-10-21T05:04:11Z" duration-ms="13960">
    <groups>
    </groups>
    <test started-at="2024-10-21T05:03:57Z" name="Default test" finished-at="2024-10-21T05:04:11Z" duration-ms="13960">
      <class name="Loginpage.Apache_POI">
        <test-method signature="login(java.lang.String, java.lang.String)[pri:0, instance:Loginpage.Apache_POI@6e2829c7]" started-at="2024-10-21T10:33:58Z" name="login" data-provider="login data" finished-at="2024-10-21T10:34:02Z" duration-ms="3996" status="PASS">
          <params>
            <param index="0">
              <value>
                <![CDATA[student]]>
              </value>
            </param>
            <param index="1">
              <value>
                <![CDATA[Password123]]>
              </value>
            </param>
          </params>
          <reporter-output>
          </reporter-output>
        </test-method> <!-- login -->
        <test-method signature="login(java.lang.String, java.lang.String)[pri:0, instance:Loginpage.Apache_POI@6e2829c7]" started-at="2024-10-21T10:34:02Z" name="login" data-provider="login data" finished-at="2024-10-21T10:34:05Z" duration-ms="3145" status="PASS">
          <params>
            <param index="0">
              <value>
                <![CDATA[Student]]>
              </value>
            </param>
            <param index="1">
              <value>
                <![CDATA[Password@123]]>
              </value>
            </param>
          </params>
          <reporter-output>
          </reporter-output>
        </test-method> <!-- login -->
        <test-method signature="login(java.lang.String, java.lang.String)[pri:0, instance:Loginpage.Apache_POI@6e2829c7]" started-at="2024-10-21T10:34:05Z" name="login" data-provider="login data" finished-at="2024-10-21T10:34:08Z" duration-ms="3242" status="PASS">
          <params>
            <param index="0">
              <value>
                <![CDATA[student]]>
              </value>
            </param>
            <param index="1">
              <value>
                <![CDATA[Password@123]]>
              </value>
            </param>
          </params>
          <reporter-output>
          </reporter-output>
        </test-method> <!-- login -->
        <test-method signature="login(java.lang.String, java.lang.String)[pri:0, instance:Loginpage.Apache_POI@6e2829c7]" started-at="2024-10-21T10:34:08Z" name="login" data-provider="login data" finished-at="2024-10-21T10:34:11Z" duration-ms="3226" status="PASS">
          <params>
            <param index="0">
              <value>
                <![CDATA[Student]]>
              </value>
            </param>
            <param index="1">
              <value>
                <![CDATA[Password123]]>
              </value>
            </param>
          </params>
          <reporter-output>
          </reporter-output>
        </test-method> <!-- login -->
      </class> <!-- Loginpage.Apache_POI -->
    </test> <!-- Default test -->
  </suite> <!-- Default suite -->
</testng-results>
